<?xml version="1.0" encoding="UTF-8"?>
<cv:CV xmlns:cv="urn:fdc:anskaffelser.no:2019:ehf:schema:CV-1">
  <cv:CustomizationID>...</cv:CustomizationID>
  <cv:ProfileID>...</cv:ProfileID>
  <cv:ID>1</cv:ID>
  <cv:IssueDate>2020-10-05</cv:IssueDate>
  <cv:IssueTime>10:30:00</cv:IssueTime>
  <cv:FolderReference>
    <cv:ID scheme="DOFFIN">147</cv:ID>
  </cv:FolderReference>
  <cv:ReceiverParty>
    <cv:EndpointID scheme="0192">987654325</cv:EndpointID>
    <cv:Name>X company</cv:Name>
    <cv:Contact>
      <cv:Name>Ola Nordmann</cv:Name>
      <cv:Telephone>22221111</cv:Telephone>
      <cv:ElectronicMail>ola.nordmann@x.no</cv:ElectronicMail>
    </cv:Contact>
  </cv:ReceiverParty>
  <cv:ProviderParty>
    <cv:EndpointID scheme="0192">987654325</cv:EndpointID>
    <cv:Name>Y company</cv:Name>
    <cv:Contact>
      <cv:Name>John Johnsen</cv:Name>
      <cv:Telephone>99998888</cv:Telephone>
      <cv:ElectronicMail>john.johnsen@y.com</cv:ElectronicMail>
    </cv:Contact>
  </cv:ProviderParty>
  <cv:Education>
    <cv:ID>1</cv:ID>
    <cv:EducationDegree>bachelor</cv:EducationDegree>
    <cv:SubjectArea>IT</cv:SubjectArea>
    <cv:Period>
      <cv:StartDate>2020-01-10</cv:StartDate>
      <cv:EndDate>2020-05-05</cv:EndDate>
    </cv:Period>
    <cv:Documentation>
      <cv:RegistrationType>HPR</cv:RegistrationType>
      <cv:RegistrationNumber>154725</cv:RegistrationNumber>
      <cv:EmbeddedDocumentBinaryObject mimeCode="application/pdf">bWFzdGVyIG9mIHNjaWVuY2Ugdml0bmVtw6VsCg==</cv:EmbeddedDocumentBinaryObject>
      <cv:URI>https://www.vitnemalsportalen.no/</cv:URI>
    </cv:Documentation>
    <cv:Contact>
      <cv:Name>Ola Nordmann</cv:Name>
      <cv:Role>projectmanager</cv:Role>
      <cv:Telephone>22221111</cv:Telephone>
      <cv:ElectronicMail>ola.nordmann@x.no</cv:ElectronicMail>
    </cv:Contact>
    <cv:EducationReference>
      <cv:ID>1457</cv:ID>
    </cv:EducationReference>
  </cv:Education>
  <cv:Course>
    <cv:ID>1</cv:ID>
    <cv:Title>HMS</cv:Title>
    <cv:Type>Dykkerkurs</cv:Type>
    <cv:Version>1.0</cv:Version>
    <cv:Period>
      <cv:StartDate>2020-01-10</cv:StartDate>
      <cv:EndDate>2020-05-05</cv:EndDate>
    </cv:Period>
    <cv:SupplierParty>
      <cv:EndpointID scheme="0192">123456785</cv:EndpointID>
      <cv:Name>Z company</cv:Name>
      <cv:Contact>
        <cv:ElectronicMail>alf.alfsen@z.no</cv:ElectronicMail>
      </cv:Contact>
      <cv:Country>NO</cv:Country>
    </cv:SupplierParty>
    <cv:Documentation>
      <cv:EmbeddedDocumentBinaryObject mimeCode="application/pdf">a3VycyBkb2t1bWVudGFzam9uCg==</cv:EmbeddedDocumentBinaryObject>
      <cv:URI>https://www.kurssportalen.no/</cv:URI>
    </cv:Documentation>
    <cv:CourseReference>
      <cv:ID>51</cv:ID>
    </cv:CourseReference>
  </cv:Course>
  <cv:Certification>
    <cv:ID>1</cv:ID>
    <cv:Title>Archimate</cv:Title>
    <cv:Type>TOGAF</cv:Type>
    <cv:Version>3.0</cv:Version>
    <cv:ValidTo>2020-05-14</cv:ValidTo>
    <cv:SupplierParty>
      <cv:EndpointID scheme="0192">123456785</cv:EndpointID>
      <cv:Name>U company</cv:Name>
      <cv:Contact>
        <cv:ElectronicMail>alf.alfsen@u.no</cv:ElectronicMail>
      </cv:Contact>
      <cv:Country>NO</cv:Country>
    </cv:SupplierParty>
    <cv:Documentation>
      <cv:EmbeddedDocumentBinaryObject mimeCode="application/pdf">c2VydGlmaXNlcmluZyBkb2t1bWVudGFzam9uCg==</cv:EmbeddedDocumentBinaryObject>
      <cv:URI>https://www.sertifiseringsportalen.no/</cv:URI>
    </cv:Documentation>
    <cv:CertificationReference>
      <cv:ID>159</cv:ID>
    </cv:CertificationReference>
  </cv:Certification>
  <cv:LanguageSkills>
    <cv:ID>1</cv:ID>
    <cv:Language>sq</cv:Language>
    <cv:OralSkill>A1</cv:OralSkill>
    <cv:WrittenSkill>A1</cv:WrittenSkill>
    <cv:Contact>
      <cv:Name>Ola Nordmann</cv:Name>
      <cv:Role>arhitecture</cv:Role>
      <cv:Telephone>22221111</cv:Telephone>
      <cv:ElectronicMail>ola.nordmann@x.no</cv:ElectronicMail>
    </cv:Contact>
    <cv:LanguageSkillsReference>
      <cv:ID>req-65</cv:ID>
    </cv:LanguageSkillsReference>
  </cv:LanguageSkills>
  <cv:ProjectExperience>
    <cv:ID>1</cv:ID>
    <cv:ExperienceType>projectleader</cv:ExperienceType>
    <cv:IndustryType>A01</cv:IndustryType>
    <cv:Workplace>AI</cv:Workplace>
    <cv:JobSector>private</cv:JobSector>
    <cv:CompanyParty>
      <cv:EndpointID scheme="0192">123456785</cv:EndpointID>
      <cv:Name>AZ company</cv:Name>
    </cv:CompanyParty>
    <cv:Period>
      <cv:StartDate>2020-01-01</cv:StartDate>
      <cv:EndDate>2020-12-01</cv:EndDate>
    </cv:Period>
    <cv:ExperienceDescription>
      <cv:PositionPercent>100</cv:PositionPercent>
      <cv:Role>leader</cv:Role>
      <cv:Activities>Financial analysis by using R.</cv:Activities>
    </cv:ExperienceDescription>
    <cv:ExperienceValue>
      <cv:ProjectParticipation>5</cv:ProjectParticipation>
      <cv:ProjectSize>5</cv:ProjectSize>
      <cv:ProjectValue currencyID="NOK">100</cv:ProjectValue>
    </cv:ExperienceValue>
    <cv:Contact>
      <cv:Name>Ola Nordmann</cv:Name>
      <cv:Role>projectmanager</cv:Role>
      <cv:Telephone>22221111</cv:Telephone>
      <cv:ElectronicMail>ola.nordmann@x.no</cv:ElectronicMail>
    </cv:Contact>
    <cv:EducationReference>
      <cv:ID>req-edu-45</cv:ID>
    </cv:EducationReference>
    <cv:ProjectExperienceReference>
      <cv:ID>req-25</cv:ID>
    </cv:ProjectExperienceReference>
  </cv:ProjectExperience>
  <cv:WorkExperience>
    <cv:ID>3</cv:ID>
    <cv:PositionLevel>leader</cv:PositionLevel>
    <cv:IndustryType>A01</cv:IndustryType>
    <cv:Workplace>CF</cv:Workplace>
    <cv:JobSector>private</cv:JobSector>
    <cv:CompanyParty>
      <cv:EndpointID scheme="0192">123456785</cv:EndpointID>
      <cv:Name>XYZ company</cv:Name>
    </cv:CompanyParty>
    <cv:Period>
      <cv:StartDate>2013-05-05</cv:StartDate>
      <cv:EndDate>2017-08-01</cv:EndDate>
    </cv:Period>
    <cv:WorkExperienceDescription>
      <cv:PositionPercent>100</cv:PositionPercent>
      <cv:Role>financialexpert</cv:Role>
      <cv:Activities>Statistical analysis by using R and Python.</cv:Activities>
    </cv:WorkExperienceDescription>
    <cv:Contact>
      <cv:Name>Ola Nordmann</cv:Name>
      <cv:Role>teamleader</cv:Role>
      <cv:Telephone>22221111</cv:Telephone>
      <cv:ElectronicMail>ola.nordmann@x.no</cv:ElectronicMail>
    </cv:Contact>
    <cv:EducationReference>
      <cv:ID>req-edu-45</cv:ID>
    </cv:EducationReference>
    <cv:ProjectExperienceReference>
      <cv:ID>req-25</cv:ID>
    </cv:ProjectExperienceReference>
  </cv:WorkExperience>
  <cv:Clearance>
    <cv:ID>1</cv:ID>
    <cv:Title>Politiattest</cv:Title>
    <cv:Type>civil</cv:Type>
    <cv:Level>secret</cv:Level>
    <cv:ExpirationDate>2025-08-08</cv:ExpirationDate>
    <cv:Documentation>
      <cv:EmbeddedDocumentBinaryObject mimeCode="application/pdf">c2VydGlmaXNlcmluZyBkb2t1bWVudGFzam9uCg==</cv:EmbeddedDocumentBinaryObject>
      <cv:URI>https://www.politiet.no/</cv:URI>
    </cv:Documentation>
    <cv:Description>Can bli cleared before 2020-05-01.</cv:Description>
    <cv:ClearanceReference>
      <cv:ID>65424</cv:ID>
    </cv:ClearanceReference>
  </cv:Clearance>
  <cv:Reference>
    <cv:ID>1</cv:ID>
    <cv:Party>
      <cv:EndpointID scheme="0192">123456785</cv:EndpointID>
      <cv:Name>Frivilling organisasjon</cv:Name>
    </cv:Party>
    <cv:Relation>Math teacher</cv:Relation>
    <cv:Contact>
      <cv:Name>Ola Nordmann</cv:Name>
      <cv:Telephone>22221111</cv:Telephone>
      <cv:ElectronicMail>ola.nordmann@x.no</cv:ElectronicMail>
    </cv:Contact>
    <cv:RequestReference>
      <cv:ID>1234</cv:ID>
    </cv:RequestReference>
  </cv:Reference>
  <cv:Skills>
    <cv:ID>1</cv:ID>
    <cv:Title>HMS</cv:Title>
    <cv:Type>Java</cv:Type>
    <cv:Version>11</cv:Version>
    <cv:LastPractice>2020-03-03</cv:LastPractice>
    <cv:MinimumLengthPractice>5</cv:MinimumLengthPractice>
    <cv:Contact>
      <cv:Name>Ola Nordmann</cv:Name>
      <cv:Role>leader</cv:Role>
      <cv:Telephone>22221111</cv:Telephone>
      <cv:ElectronicMail>ola.nordmann@x.no</cv:ElectronicMail>
    </cv:Contact>
    <cv:SkillsAppliedReference>
      <cv:ID>edu-1234</cv:ID>
    </cv:SkillsAppliedReference>
    <cv:SkillsReference>
      <cv:ID>1547</cv:ID>
    </cv:SkillsReference>
  </cv:Skills>
  <cv:PersonalSkills>
    <cv:ID>1</cv:ID>
    <cv:Title>HMS</cv:Title>
    <cv:Type>Leadership</cv:Type>
    <cv:Contact>
      <cv:Name>Ola Nordmann</cv:Name>
      <cv:Role>teammember</cv:Role>
      <cv:Telephone>22221111</cv:Telephone>
      <cv:ElectronicMail>ola.nordmann@x.no</cv:ElectronicMail>
    </cv:Contact>
    <cv:PersonalSkillsReference>
      <cv:ID>147</cv:ID>
    </cv:PersonalSkillsReference>
  </cv:PersonalSkills>
  <cv:PersonalInformation>
    <cv:ID>1</cv:ID>
    <cv:Name>Ola Nordmann</cv:Name>
    <cv:DateOfBirth>1991-01-01</cv:DateOfBirth>
    <cv:PostalAddress>
      <cv:StreetName>Oslobukta 20</cv:StreetName>
      <cv:AdditionalStreetName>2. building</cv:AdditionalStreetName>
      <cv:CityName>Oslo</cv:CityName>
      <cv:PostalZone>0342</cv:PostalZone>
      <cv:Country>
        <cv:IdentificationCode>NO</cv:IdentificationCode>
      </cv:Country>
    </cv:PostalAddress>
    <cv:SocialMedia>
      <cv:ID>1</cv:ID>
      <cv:Title>fotballblogg</cv:Title>
      <cv:Type>vlog</cv:Type>
      <cv:Documentation>
        <cv:EmbeddedDocumentBinaryObject mimeCode="application/pdf">c2Nob29sIHBpY3R1cmU=</cv:EmbeddedDocumentBinaryObject>
        <cv:URI>https://www.linkedin.no</cv:URI>
      </cv:Documentation>
    </cv:SocialMedia>
  </cv:PersonalInformation>
  <cv:Interest>
    <cv:ID>1</cv:ID>
    <cv:Description>Interest in playing football.</cv:Description>
  </cv:Interest>
  <cv:AdditionalInformation>
    <cv:ID>1</cv:ID>
    <cv:Title>Footballcoach</cv:Title>
    <cv:Description>Worked as footballcoach for young girls.</cv:Description>
    <cv:Documentation>
      <cv:EmbeddedDocumentBinaryObject mimeCode="application/pdf">YXBwcm92ZWQgZm9vdGJhbGwgcmVmZXJlZSBpbiBub3J3YXk=</cv:EmbeddedDocumentBinaryObject>
      <cv:URI>https://www.fotballdommer.no/</cv:URI>
    </cv:Documentation>
  </cv:AdditionalInformation>
</cv:CV>
